2023-01-02T00:00:00 - test: add unit tests
2023-01-02T00:00:00 - fix: resolve bug
2023-01-02T00:00:00 - refactor: modularize
2023-01-03T00:00:00 - refactor: modularize
2023-01-03T00:00:00 - feat: add data support
2023-01-03T00:00:00 - feat: add data support
2023-01-04T00:00:00 - docs: update install guide
2023-01-04T00:00:00 - chore: update dependencies
2023-01-04T00:00:00 - refactor: modularize
2023-01-04T00:00:00 - perf: reduce memory
2023-01-05T00:00:00 - feat: add data support
2023-01-05T00:00:00 - docs: update install guide
2023-01-05T00:00:00 - refactor: modularize
2023-01-05T00:00:00 - docs: update install guide
2023-01-06T00:00:00 - fix: correct model training
2023-01-06T00:00:00 - test: improve coverage
2023-01-06T00:00:00 - docs: add API docs
2023-01-09T00:00:00 - docs: update install guide
2023-01-09T00:00:00 - perf: reduce memory
2023-01-12T00:00:00 - refactor: improve code
2023-01-12T00:00:00 - perf: speed up inference
2023-01-12T00:00:00 - docs: update README
2023-01-12T00:00:00 - test: add integration tests
2023-01-13T00:00:00 - chore: update dependencies
2023-01-18T00:00:00 - test: improve coverage
2023-01-18T00:00:00 - style: fix formatting
2023-01-18T00:00:00 - feat: add data support
2023-01-19T00:00:00 - style: fix formatting
